<?xml version="1.0" encoding="UTF-8"?>
<!-- Generated by org.testng.reporters.JUnitReportReporter -->
<testsuite hostname="gaurav_Intern" failures="0" tests="1" name="SortTable" time="4.008" errors="0" timestamp="2024-09-13T16:28:13 IST" skipped="0">
  <testcase classname="SortTable" name="sortTableTest" time="4.008"/>
</testsuite> <!-- SortTable -->
