<?xml version="1.0" encoding="UTF-8"?>
<!-- Generated by org.testng.reporters.JUnitReportReporter -->
<testsuite hostname="gaurav_Intern" failures="0" tests="1" name="ExtractaAndValidate" time="1.156" errors="0" timestamp="2024-09-13T16:28:51 IST" skipped="0">
  <testcase classname="ExtractaAndValidate" name="validateTableRows" time="1.156"/>
</testsuite> <!-- ExtractaAndValidate -->
